[GATEWAY-CMA] 2025-02-23 21:25:01,564 - ERROR - thr_check_server_online - Servidor SCADA-LTS está offline!
[GATEWAY-CMA] 2025-02-23 21:25:01,565 - ERROR - thr_check_server_online - Servidor CMA está offline!
[GATEWAY-CMA] 2025-02-23 21:25:03,570 - ERROR - execute_sensors_dnp3 - Comunicação com SCADA perdida ao enviar dados xid_sensor DNP3:XID_DNP3!
[GATEWAY-CMA] 2025-02-23 21:25:04,572 - ERROR - execute_sensors_modbus - Comunicação com SCADA perdida ao enviar dados xid_sensor modbus:XIDEQP!
[GATEWAY-CMA] 2025-02-23 21:25:04,572 - ERROR - execute_sensors_modbus - Comunicação com SCADA perdida ao enviar dados xid_sensor modbus:XIDEQP2!
[GATEWAY-CMA] 2025-02-23 21:25:06,576 - ERROR - execute_sensors_dnp3 - Comunicação com SCADA perdida ao enviar dados xid_sensor DNP3:XID_DNP3!
[GATEWAY-CMA] 2025-02-23 21:25:08,580 - ERROR - execute_sensors_modbus - Comunicação com SCADA perdida ao enviar dados xid_sensor modbus:XIDEQP!
[GATEWAY-CMA] 2025-02-23 21:25:08,580 - ERROR - execute_sensors_modbus - Comunicação com SCADA perdida ao enviar dados xid_sensor modbus:XIDEQP2!
[GATEWAY-CMA] 2025-02-23 21:25:09,581 - ERROR - execute_sensors_dnp3 - Comunicação com SCADA perdida ao enviar dados xid_sensor DNP3:XID_DNP3!
[GATEWAY-CMA] 2025-02-23 21:25:12,587 - ERROR - execute_sensors_dnp3 - Comunicação com SCADA perdida ao enviar dados xid_sensor DNP3:XID_DNP3!
[GATEWAY-CMA] 2025-02-23 21:25:12,587 - ERROR - execute_sensors_modbus - Comunicação com SCADA perdida ao enviar dados xid_sensor modbus:XIDEQP2!
[GATEWAY-CMA] 2025-02-23 21:25:12,588 - ERROR - execute_sensors_modbus - Comunicação com SCADA perdida ao enviar dados xid_sensor modbus:XIDEQP!
[GATEWAY-CMA] 2025-02-23 21:25:15,592 - ERROR - execute_sensors_dnp3 - Comunicação com SCADA perdida ao enviar dados xid_sensor DNP3:XID_DNP3!
[GATEWAY-CMA] 2025-02-23 21:25:16,594 - ERROR - execute_sensors_modbus - Comunicação com SCADA perdida ao enviar dados xid_sensor modbus:XIDEQP2!
[GATEWAY-CMA] 2025-02-23 21:25:16,595 - ERROR - execute_sensors_modbus - Comunicação com SCADA perdida ao enviar dados xid_sensor modbus:XIDEQP!
[GATEWAY-CMA] 2025-02-23 21:25:18,597 - ERROR - execute_sensors_dnp3 - Comunicação com SCADA perdida ao enviar dados xid_sensor DNP3:XID_DNP3!
[GATEWAY-CMA] 2025-02-23 21:25:20,601 - ERROR - execute_sensors_modbus - Comunicação com SCADA perdida ao enviar dados xid_sensor modbus:XIDEQP2!
[GATEWAY-CMA] 2025-02-23 21:25:20,601 - ERROR - execute_sensors_modbus - Comunicação com SCADA perdida ao enviar dados xid_sensor modbus:XIDEQP!
[GATEWAY-CMA] 2025-02-23 21:25:21,602 - ERROR - execute_sensors_dnp3 - Comunicação com SCADA perdida ao enviar dados xid_sensor DNP3:XID_DNP3!
[GATEWAY-CMA] 2025-02-23 21:25:24,607 - ERROR - execute_sensors_dnp3 - Comunicação com SCADA perdida ao enviar dados xid_sensor DNP3:XID_DNP3!
[GATEWAY-CMA] 2025-02-23 21:25:24,607 - ERROR - execute_sensors_modbus - Comunicação com SCADA perdida ao enviar dados xid_sensor modbus:XIDEQP!
[GATEWAY-CMA] 2025-02-23 21:25:24,608 - ERROR - execute_sensors_modbus - Comunicação com SCADA perdida ao enviar dados xid_sensor modbus:XIDEQP2!
[GATEWAY-CMA] 2025-02-23 21:25:27,612 - ERROR - execute_sensors_dnp3 - Comunicação com SCADA perdida ao enviar dados xid_sensor DNP3:XID_DNP3!
[GATEWAY-CMA] 2025-02-23 21:25:28,615 - ERROR - execute_sensors_modbus - Comunicação com SCADA perdida ao enviar dados xid_sensor modbus:XIDEQP2!
[GATEWAY-CMA] 2025-02-23 21:25:28,615 - ERROR - execute_sensors_modbus - Comunicação com SCADA perdida ao enviar dados xid_sensor modbus:XIDEQP!
[GATEWAY-CMA] 2025-02-23 21:25:30,617 - ERROR - execute_sensors_dnp3 - Comunicação com SCADA perdida ao enviar dados xid_sensor DNP3:XID_DNP3!
[GATEWAY-CMA] 2025-02-23 21:25:31,567 - ERROR - thr_check_server_online - Servidor CMA está offline!
[GATEWAY-CMA] 2025-02-23 21:25:31,594 - ERROR - thr_check_server_online - Servidor SCADA-LTS está offline!
[GATEWAY-CMA] 2025-02-23 21:25:32,621 - ERROR - execute_sensors_modbus - Comunicação com SCADA perdida ao enviar dados xid_sensor modbus:XIDEQP2!
[GATEWAY-CMA] 2025-02-23 21:25:32,621 - ERROR - execute_sensors_modbus - Comunicação com SCADA perdida ao enviar dados xid_sensor modbus:XIDEQP!
[GATEWAY-CMA] 2025-02-23 21:25:33,622 - ERROR - execute_sensors_dnp3 - Comunicação com SCADA perdida ao enviar dados xid_sensor DNP3:XID_DNP3!
[GATEWAY-CMA] 2025-02-23 21:25:36,627 - ERROR - execute_sensors_dnp3 - Comunicação com SCADA perdida ao enviar dados xid_sensor DNP3:XID_DNP3!
[GATEWAY-CMA] 2025-02-23 21:25:36,627 - ERROR - execute_sensors_modbus - Comunicação com SCADA perdida ao enviar dados xid_sensor modbus:XIDEQP!
[GATEWAY-CMA] 2025-02-23 21:25:36,628 - ERROR - execute_sensors_modbus - Comunicação com SCADA perdida ao enviar dados xid_sensor modbus:XIDEQP2!
[GATEWAY-CMA] 2025-02-23 21:25:39,632 - ERROR - execute_sensors_dnp3 - Comunicação com SCADA perdida ao enviar dados xid_sensor DNP3:XID_DNP3!
[GATEWAY-CMA] 2025-02-23 21:25:40,634 - ERROR - execute_sensors_modbus - Comunicação com SCADA perdida ao enviar dados xid_sensor modbus:XIDEQP!
[GATEWAY-CMA] 2025-02-23 21:25:40,635 - ERROR - execute_sensors_modbus - Comunicação com SCADA perdida ao enviar dados xid_sensor modbus:XIDEQP2!
[GATEWAY-CMA] 2025-02-23 21:25:42,637 - ERROR - execute_sensors_dnp3 - Comunicação com SCADA perdida ao enviar dados xid_sensor DNP3:XID_DNP3!
[GATEWAY-CMA] 2025-02-23 21:25:44,641 - ERROR - execute_sensors_modbus - Comunicação com SCADA perdida ao enviar dados xid_sensor modbus:XIDEQP2!
[GATEWAY-CMA] 2025-02-23 21:25:44,641 - ERROR - execute_sensors_modbus - Comunicação com SCADA perdida ao enviar dados xid_sensor modbus:XIDEQP!
[GATEWAY-CMA] 2025-02-23 21:25:45,643 - ERROR - execute_sensors_dnp3 - Comunicação com SCADA perdida ao enviar dados xid_sensor DNP3:XID_DNP3!
[GATEWAY-CMA] 2025-02-23 22:47:41,561 - ERROR - thr_check_server_online - Servidor SCADA-LTS está offline!
[GATEWAY-CMA] 2025-02-23 22:47:41,561 - ERROR - thr_check_server_online - Servidor CMA está offline!
[GATEWAY-CMA] 2025-02-23 22:48:11,592 - ERROR - thr_check_server_online - Servidor SCADA-LTS está offline!
[GATEWAY-CMA] 2025-02-23 22:48:11,593 - ERROR - thr_check_server_online - Servidor CMA está offline!
[GATEWAY-CMA] 2025-02-23 22:48:41,614 - ERROR - thr_check_server_online - Servidor CMA está offline!
[GATEWAY-CMA] 2025-02-23 22:49:11,645 - ERROR - thr_check_server_online - Servidor CMA está offline!
[GATEWAY-CMA] 2025-02-23 22:49:41,649 - ERROR - thr_check_server_online - Servidor CMA está offline!
[GATEWAY-CMA] 2025-02-23 22:49:44,682 - ERROR - thr_check_server_online - Servidor CMA está offline!
[GATEWAY-CMA] 2025-02-23 22:49:44,682 - ERROR - thr_check_server_online - Servidor SCADA-LTS está offline!
[GATEWAY-CMA] 2025-02-23 22:50:14,712 - ERROR - thr_check_server_online - Servidor CMA está offline!
[GATEWAY-CMA] 2025-02-23 22:51:05,442 - ERROR - thr_check_server_online - Servidor CMA está offline!
[GATEWAY-CMA] 2025-02-23 22:51:05,443 - ERROR - thr_check_server_online - Servidor SCADA-LTS está offline!
[GATEWAY-CMA] 2025-02-23 22:51:07,656 - WARNING - get_cookie_from_url - Novo cookie armazenado: JSESSIONID=037A46876CB2E83D23B1458E176538FA, expira em Sun Feb 23 23:51:07 2025
[GATEWAY-CMA] 2025-02-23 22:51:07,674 - ERROR - process_json_datapoints - Erro ao obter dados do xid_sensor XID_REG_DNP3 no Sacada-LTS!
[GATEWAY-CMA] 2025-02-23 22:51:10,688 - ERROR - process_json_datapoints - Erro ao obter dados do xid_sensor XID_REG_DNP3 no Sacada-LTS!
[GATEWAY-CMA] 2025-02-23 22:51:13,719 - ERROR - process_json_datapoints - Erro ao obter dados do xid_sensor XID_REG_DNP3 no Sacada-LTS!
[GATEWAY-CMA] 2025-02-23 22:51:16,758 - ERROR - process_json_datapoints - Erro ao obter dados do xid_sensor XID_REG_DNP3 no Sacada-LTS!
[GATEWAY-CMA] 2025-02-23 22:51:19,795 - ERROR - process_json_datapoints - Erro ao obter dados do xid_sensor XID_REG_DNP3 no Sacada-LTS!
[GATEWAY-CMA] 2025-02-23 22:51:22,809 - ERROR - process_json_datapoints - Erro ao obter dados do xid_sensor XID_REG_DNP3 no Sacada-LTS!
[GATEWAY-CMA] 2025-02-23 22:51:25,837 - ERROR - process_json_datapoints - Erro ao obter dados do xid_sensor XID_REG_DNP3 no Sacada-LTS!
[GATEWAY-CMA] 2025-02-23 22:51:28,853 - ERROR - process_json_datapoints - Erro ao obter dados do xid_sensor XID_REG_DNP3 no Sacada-LTS!
[GATEWAY-CMA] 2025-02-23 22:51:31,865 - ERROR - process_json_datapoints - Erro ao obter dados do xid_sensor XID_REG_DNP3 no Sacada-LTS!
[GATEWAY-CMA] 2025-02-23 22:51:37,101 - ERROR - thr_check_server_online - Servidor CMA está offline!
[GATEWAY-CMA] 2025-02-23 22:51:39,184 - WARNING - get_cookie_from_url - Novo cookie armazenado: JSESSIONID=9433A2D99C15FB0844597AB7F0BAFE2D, expira em Sun Feb 23 23:51:39 2025
[GATEWAY-CMA] 2025-02-23 22:51:39,191 - ERROR - process_json_datapoints - Erro ao obter dados do xid_sensor XID_REG_DNP3 no Sacada-LTS!
[GATEWAY-CMA] 2025-02-23 22:51:42,215 - ERROR - process_json_datapoints - Erro ao obter dados do xid_sensor XID_REG_DNP3 no Sacada-LTS!
[GATEWAY-CMA] 2025-02-23 22:51:45,241 - ERROR - process_json_datapoints - Erro ao obter dados do xid_sensor XID_REG_DNP3 no Sacada-LTS!
[GATEWAY-CMA] 2025-02-23 22:51:48,258 - ERROR - process_json_datapoints - Erro ao obter dados do xid_sensor XID_REG_DNP3 no Sacada-LTS!
[GATEWAY-CMA] 2025-02-23 22:51:51,269 - ERROR - process_json_datapoints - Erro ao obter dados do xid_sensor XID_REG_DNP3 no Sacada-LTS!
[GATEWAY-CMA] 2025-02-23 22:51:54,284 - ERROR - process_json_datapoints - Erro ao obter dados do xid_sensor XID_REG_DNP3 no Sacada-LTS!
[GATEWAY-CMA] 2025-02-23 22:51:57,299 - ERROR - process_json_datapoints - Erro ao obter dados do xid_sensor XID_REG_DNP3 no Sacada-LTS!
[GATEWAY-CMA] 2025-02-23 22:52:00,325 - ERROR - process_json_datapoints - Erro ao obter dados do xid_sensor XID_REG_DNP3 no Sacada-LTS!
[GATEWAY-CMA] 2025-02-25 12:57:31,122 - ERROR - get_cookie_from_url - Nenhum Set-Cookie encontrado ou falha na autenticação.
[GATEWAY-CMA] 2025-02-25 12:57:31,153 - ERROR - get_cookie_from_url - Nenhum Set-Cookie encontrado ou falha na autenticação.
[GATEWAY-CMA] 2025-02-25 12:57:31,177 - ERROR - get_cookie_from_url - Erro ao obter cookie: (7, 'Failed to connect to localhost port 8080: Connection refused')
[GATEWAY-CMA] 2025-02-25 12:58:26,123 - ERROR - get_cookie_from_url - Nenhum Set-Cookie encontrado ou falha na autenticação.
[GATEWAY-CMA] 2025-02-25 12:58:26,154 - ERROR - get_cookie_from_url - Nenhum Set-Cookie encontrado ou falha na autenticação.
[GATEWAY-CMA] 2025-02-25 13:01:14,869 - ERROR - get_cookie_from_url - Nenhum Set-Cookie encontrado ou falha na autenticação.
[GATEWAY-CMA] 2025-02-25 13:01:14,900 - ERROR - get_cookie_from_url - Nenhum Set-Cookie encontrado ou falha na autenticação.
[GATEWAY-CMA] 2025-02-25 13:01:14,963 - WARNING - get_cookie_from_url - Novo cookie armazenado: JSESSIONID=A16DCF7359951E61C0E393CDE93D4CFD, expira em Tue Feb 25 14:01:14 2025
[GATEWAY-CMA] 2025-02-25 13:03:59,148 - ERROR - get_cookie_from_url - Nenhum Set-Cookie encontrado ou falha na autenticação.
[GATEWAY-CMA] 2025-02-25 13:03:59,182 - ERROR - get_cookie_from_url - Nenhum Set-Cookie encontrado ou falha na autenticação.
[GATEWAY-CMA] 2025-02-25 13:03:59,235 - WARNING - get_cookie_from_url - Novo cookie armazenado: JSESSIONID=2F8AA0EB9C2E7E89CD106CA8EA77F5CA, expira em Tue Feb 25 14:03:59 2025
[GATEWAY-CMA] 2025-02-25 13:14:29,128 - ERROR - get_cookie_from_url - Nenhum Set-Cookie encontrado ou falha na autenticação.
[GATEWAY-CMA] 2025-02-25 13:14:29,160 - ERROR - get_cookie_from_url - Nenhum Set-Cookie encontrado ou falha na autenticação.
[GATEWAY-CMA] 2025-02-25 13:14:29,220 - WARNING - get_cookie_from_url - Novo cookie armazenado: JSESSIONID=6DDEAA4D917CD2D1FB44FDBC343DAF90, expira em Tue Feb 25 14:14:29 2025
[GATEWAY-CMA] 2025-02-25 13:26:01,660 - ERROR - get_cookie_from_url - Nenhum Set-Cookie encontrado ou falha na autenticação.
[GATEWAY-CMA] 2025-02-25 13:26:01,695 - ERROR - get_cookie_from_url - Nenhum Set-Cookie encontrado ou falha na autenticação.
[GATEWAY-CMA] 2025-02-25 13:26:01,748 - WARNING - get_cookie_from_url - Novo cookie armazenado: JSESSIONID=AFDFE3E9F525146E10055419D28D7529, expira em Tue Feb 25 14:26:01 2025
[GATEWAY-CMA] 2025-02-25 14:11:27,645 - ERROR - thr_check_server_online - Servidor SCADA-LTS está offline!
[GATEWAY-CMA] 2025-02-25 14:11:29,667 - ERROR - get_cookie_from_url - Nenhum Set-Cookie encontrado ou falha na autenticação.
[GATEWAY-CMA] 2025-02-25 14:11:29,682 - ERROR - get_cookie_from_url - Nenhum Set-Cookie encontrado ou falha na autenticação.
[GATEWAY-CMA] 2025-02-25 14:11:29,759 - WARNING - get_cookie_from_url - Novo cookie armazenado: JSESSIONID=549301F8DE679E545C3E0C64F8CDAA7A, expira em Tue Feb 25 15:11:29 2025
[GATEWAY-CMA] 2025-02-25 14:17:51,825 - ERROR - thr_check_server_online - Servidor SCADA-LTS está offline!
[GATEWAY-CMA] 2025-02-25 14:17:53,851 - ERROR - get_cookie_from_url - Nenhum Set-Cookie encontrado ou falha na autenticação.
[GATEWAY-CMA] 2025-02-25 14:17:53,863 - ERROR - get_cookie_from_url - Nenhum Set-Cookie encontrado ou falha na autenticação.
[GATEWAY-CMA] 2025-02-25 14:17:53,942 - WARNING - get_cookie_from_url - Novo cookie armazenado: JSESSIONID=D1B2C1E2549DCF70D339C970D175E2F5, expira em Tue Feb 25 15:17:53 2025
